features/build/intermediates/manifest_merge_blame_file/debug/manifest-merger-blame-debug-report.txt
1<?xml version="1.0" encoding="utf-8"?>
2<manifest xmlns:android="http://schemas.android.com/apk/res/android"
3    xmlns:tools="http://schemas.android.com/tools"
4    package="com.mvi.features" >
5
6    <uses-sdk android:minSdkVersion="24" />
7
8    <application
8-->src/main/AndroidManifest.xml:5:5-21:19
9        android:allowBackup="true"
9-->src/main/AndroidManifest.xml:6:9-35
10        android:supportsRtl="true"
10-->src/main/AndroidManifest.xml:7:9-35
11        tools:targetApi="31" >
11-->src/main/AndroidManifest.xml:8:9-29
12        <activity
12-->src/main/AndroidManifest.xml:10:9-19:20
13            android:name="com.mvi.features.MainActivity"
13-->src/main/AndroidManifest.xml:11:13-57
14            android:exported="true" >
14-->src/main/AndroidManifest.xml:12:13-36
15            <intent-filter>
15-->src/main/AndroidManifest.xml:14:13-18:29
16                <action android:name="android.intent.action.MAIN" />
16-->src/main/AndroidManifest.xml:15:17-69
16-->src/main/AndroidManifest.xml:15:25-66
17
18                <category android:name="android.intent.category.LAUNCHER" />
18-->src/main/AndroidManifest.xml:17:17-77
18-->src/main/AndroidManifest.xml:17:27-74
19            </intent-filter>
20        </activity>
21    </application>
22
23</manifest>